<?xml version="1.0" encoding="UTF-8"?>
<!-- Generated by org.testng.reporters.JUnitReportReporter -->
<testsuite hostname="Uffffffffffoooooooooooo" failures="0" tests="2" name="testCases.TC02_LoginPage" time="4.255" errors="0" timestamp="2024-09-06T21:52:04 IST" skipped="0">
  <testcase classname="testCases.TC02_LoginPage" name="logintest" time="2.243"/>
  <testcase classname="testCases.TC02_LoginPage" name="logintest" time="2.012"/>
</testsuite> <!-- testCases.TC02_LoginPage -->
