<?xml version="1.0" encoding="UTF-8"?>
<!-- Generated by org.testng.reporters.JUnitReportReporter -->
<testsuite hostname="Uffffffffffoooooooooooo" failures="0" tests="1" name="testCasesb.NewTest" time="0.013" errors="0" timestamp="2024-09-03T13:16:07 IST" skipped="0">
  <testcase classname="testCasesb.NewTest" name="f" time="0.013"/>
</testsuite> <!-- testCasesb.NewTest -->
