<?xml version="1.0" encoding="UTF-8"?>
<!-- Generated by org.testng.reporters.JUnitReportReporter -->
<testsuite hostname="Uffffffffffoooooooooooo" failures="0" tests="2" name="testCases.TC01_Account_RegistrationTest" time="7.555" errors="0" timestamp="2024-09-06T21:52:04 IST" skipped="0">
  <testcase classname="testCases.TC01_Account_RegistrationTest" name="Account_registration" time="2.983"/>
  <testcase classname="testCases.TC01_Account_RegistrationTest" name="Account_registration" time="4.572"/>
</testsuite> <!-- testCases.TC01_Account_RegistrationTest -->
