<?xml version="1.0" encoding="UTF-8"?>
<!-- Generated by org.testng.reporters.JUnitReportReporter -->
<testsuite hostname="Uffffffffffoooooooooooo" failures="0" tests="1" name="testCases.TC01_Account_RegistrationTest" time="4.036" errors="0" timestamp="2024-09-03T13:30:15 IST" skipped="0">
  <testcase classname="testCases.TC01_Account_RegistrationTest" name="Account_registration" time="4.036"/>
</testsuite> <!-- testCases.TC01_Account_RegistrationTest -->
