<?xml version="1.0" encoding="UTF-8"?>
<!-- Generated by org.testng.reporters.JUnitReportReporter -->
<testsuite hostname="Uffffffffffoooooooooooo" failures="0" tests="1" name="testCases.TC01_Account_RegistrationTest" time="11.581" errors="0" timestamp="2024-08-30T16:05:33 IST" skipped="0">
  <testcase classname="testCases.TC01_Account_RegistrationTest" name="Account_registration" time="11.581"/>
</testsuite> <!-- testCases.TC01_Account_RegistrationTest -->
