<?xml version="1.0" encoding="UTF-8"?>
<!-- Generated by org.testng.reporters.JUnitReportReporter -->
<testsuite hostname="Uffffffffffoooooooooooo" failures="0" tests="1" name="testCases.TC02_LoginPage" time="11.168" errors="0" timestamp="2024-08-30T13:01:59 IST" skipped="0">
  <testcase classname="testCases.TC02_LoginPage" name="logintest" time="11.168"/>
</testsuite> <!-- testCases.TC02_LoginPage -->
