<?xml version="1.0" encoding="UTF-8"?>
<!-- Generated by org.testng.reporters.JUnitReportReporter -->
<testsuite hostname="Uffffffffffoooooooooooo" failures="0" tests="1" name="testCases.TC01_Account_RegistrationTest" time="5.654" errors="0" timestamp="2024-08-29T19:41:53 IST" skipped="0">
  <testcase classname="testCases.TC01_Account_RegistrationTest" name="Account_registration" time="5.654"/>
</testsuite> <!-- testCases.TC01_Account_RegistrationTest -->
